<?xml version="1.0" encoding="UTF-8"?>
<!-- Generated by org.testng.reporters.JUnitReportReporter -->
<testsuite skipped="0" hostname="DESKTOP-C2AR970" name="LoginTest.successlogin" tests="2" failures="0" timestamp="01 Aug 2020 08:04:17 GMT" time="25.585" errors="0">
  <testcase name="OpenApplication" time="14.711" classname="LoginTest.successlogin"/>
  <testcase name="enterdetails" time="10.874" classname="LoginTest.successlogin"/>
</testsuite> <!-- LoginTest.successlogin -->
