<?xml version="1.0" encoding="UTF-8"?>
<!-- Generated by org.testng.reporters.JUnitReportReporter -->
<testsuite name="TestSelenium.Assertion1" tests="1" time="20.847" ignored="0" failures="0" timestamp="25 Jun 2020 14:46:48 GMT" skipped="0" hostname="LTIN149461" errors="0">
  <testcase name="testcase1" time="20.847" classname="TestSelenium.Assertion1"/>
</testsuite> <!-- TestSelenium.Assertion1 -->
