<?xml version="1.0" encoding="UTF-8"?>
<!-- Generated by org.testng.reporters.JUnitReportReporter -->
<testsuite name="TestSelenium.Assertion4" tests="1" time="0.000" ignored="0" failures="0" timestamp="25 Jun 2020 16:16:44 GMT" skipped="0" hostname="LTIN149461" errors="0">
  <testcase name="a" time="0.000" classname="TestSelenium.Assertion4"/>
</testsuite> <!-- TestSelenium.Assertion4 -->
