<?xml version="1.0" encoding="UTF-8"?>
<!-- Generated by org.testng.reporters.JUnitReportReporter -->
<testsuite name="com.facebook.tests.LogInTest" tests="1" time="7.961" ignored="0" failures="0" timestamp="28 Sep 2020 17:10:35 GMT" skipped="0" hostname="LTIN149461" errors="0">
  <testcase name="doLogInTest" time="7.961" classname="com.facebook.tests.LogInTest"/>
</testsuite> <!-- com.facebook.tests.LogInTest -->
